<?xml version="1.0" encoding="UTF-8"?>
<testsuite name="MusicAccountRetrieverTest" tests="2" skipped="0" failures="0" errors="0" timestamp="2024-12-17T05:53:53" hostname="Madelines-MacBook-Pro.local" time="0.023">
  <properties/>
  <testcase name="retrieveAccount_returnCorrectData_returnsData()" classname="MusicAccountRetrieverTest" time="0.021"/>
  <testcase name="retrieveAccount_ifFutureNull_futureNotNull()" classname="MusicAccountRetrieverTest" time="0.001"/>
  <system-out><![CDATA[]]></system-out>
  <system-err><![CDATA[]]></system-err>
</testsuite>
